#
# There is insufficient memory for the Java Runtime Environment to continue.
# Native memory allocation (mmap) failed to map 268435456 bytes for Failed to commit area from 0x0000000701c00000 to 0x0000000711c00000 of length 268435456.
# Possible reasons:
#   The system is out of physical RAM or swap space
#   The process is running with CompressedOops enabled, and the Java Heap may be blocking the growth of the native heap
# Possible solutions:
#   Reduce memory load on the system
#   Increase physical memory or swap space
#   Check if swap backing store is full
#   Decrease Java heap size (-Xmx/-Xms)
#   Decrease number of Java threads
#   Decrease Java thread stack sizes (-Xss)
#   Set larger code cache with -XX:ReservedCodeCacheSize=
#   JVM is running with Zero Based Compressed Oops mode in which the Java heap is
#     placed in the first 32GB address space. The Java Heap base address is the
#     maximum limit for the native heap growth. Please use -XX:HeapBaseMinAddress
#     to set the Java Heap base and to place the Java Heap above 32GB virtual address.
# This output file may be truncated or incomplete.
#
#  Out of Memory Error (t:/workspace/open/src/hotspot/os/windows/os_windows.cpp:3315), pid=3124, tid=9296
#
# JRE version:  (14.0+36) (build )
# Java VM: Java HotSpot(TM) 64-Bit Server VM (14+36-1461, mixed mode, sharing, tiered, compressed oops, g1 gc, windows-amd64)
# No core dump will be written. Minidumps are not enabled by default on client versions of Windows
#

---------------  S U M M A R Y ------------

Command Line: -agentlib:jdwp=transport=dt_socket,address=127.0.0.1:54453,suspend=y,server=n -javaagent:C:\Users\Art\AppData\Local\JetBrains\IdeaIC2021.1\captureAgent\debugger-agent.jar -Dfile.encoding=UTF-8 pl.coderslab.docker_springboot.DockerSpringbootApplication

Host: Intel(R) Core(TM) i7-7700HQ CPU @ 2.80GHz, 8 cores, 15G,  Windows 10 , 64 bit Build 19041 (10.0.19041.928)
Time: Tue May  4 20:57:26 2021 Œrodkowoeuropejski czas letni elapsed time: 0 seconds (0d 0h 0m 0s)

---------------  T H R E A D  ---------------

Current thread (0x0000023bd9ab6800):  JavaThread "Unknown thread" [_thread_in_vm, id=9296, stack(0x000000bc19a00000,0x000000bc19b00000)]

Stack: [0x000000bc19a00000,0x000000bc19b00000]
Native frames: (J=compiled Java code, j=interpreted, Vv=VM code, C=native code)
V  [jvm.dll+0x5f83ea]
V  [jvm.dll+0x741e2a]
V  [jvm.dll+0x7435df]
V  [jvm.dll+0x743c23]
V  [jvm.dll+0x20d268]
V  [jvm.dll+0x5f579a]
V  [jvm.dll+0x5ea5f5]
V  [jvm.dll+0x2c7e7c]
V  [jvm.dll+0x2c7cb2]
V  [jvm.dll+0x2cdb9c]
V  [jvm.dll+0x313fd8]
V  [jvm.dll+0x313700]
V  [jvm.dll+0x2a090a]
V  [jvm.dll+0x2a1a59]
V  [jvm.dll+0x71f6f8]
V  [jvm.dll+0x321c24]
V  [jvm.dll+0x700aec]
V  [jvm.dll+0x392ddf]
V  [jvm.dll+0x394e51]
C  [jli.dll+0x523b]
C  [ucrtbase.dll+0x21bb2]
C  [KERNEL32.DLL+0x17034]
C  [ntdll.dll+0x52651]


---------------  P R O C E S S  ---------------

Threads class SMR info:
_java_thread_list=0x00007ffcaeaa4078, length=0, elements={
}

Java Threads: ( => current thread )

Other Threads:
  0x0000023bd9b1c800 GCTaskThread "GC Thread#0" [stack: 0x000000bc19b00000,0x000000bc19c00000] [id=6392]
  0x0000023bd9b3f000 ConcurrentGCThread "G1 Main Marker" [stack: 0x000000bc19c00000,0x000000bc19d00000] [id=13208]
  0x0000023bd9b41000 ConcurrentGCThread "G1 Conc#0" [stack: 0x000000bc19d00000,0x000000bc19e00000] [id=9932]

[error occurred during error reporting (printing all threads), id 0xc0000005, EXCEPTION_ACCESS_VIOLATION (0xc0000005) at pc=0x00007ffcae2d1237]

VM state:not at safepoint (not fully initialized)

VM Mutex/Monitor currently owned by a thread:  ([mutex/lock_event])
[0x0000023bd9ab25c0] Heap_lock - owner thread: 0x0000023bd9ab6800

Heap address: 0x0000000701c00000, size: 4068 MB, Compressed Oops mode: Zero based, Oop shift amount: 3
Narrow klass base: 0x0000000000000000, Narrow klass shift: 0

GC Heap History (0 events):
No events

Deoptimization events (0 events):
No events

Classes unloaded (0 events):
No events

Classes redefined (0 events):
No events

Internal exceptions (0 events):
No events

Events (2 events):
Event: 0.014 Loaded shared library C:\Program Files\Java\jdk-14\bin\java.dll
Event: 0.014 Loaded shared library C:\Program Files\Java\jdk-14\bin\zip.dll


Dynamic libraries:
0x00007ff6036e0000 - 0x00007ff6036ef000 	C:\Program Files\Java\jdk-14\bin\java.exe
0x00007ffce8830000 - 0x00007ffce8a25000 	C:\WINDOWS\SYSTEM32\ntdll.dll
0x00007ffce7370000 - 0x00007ffce742d000 	C:\WINDOWS\System32\KERNEL32.DLL
0x00007ffce5fa0000 - 0x00007ffce6268000 	C:\WINDOWS\System32\KERNELBASE.dll
0x00007ffce6410000 - 0x00007ffce6510000 	C:\WINDOWS\System32\ucrtbase.dll
0x00007ffcd8990000 - 0x00007ffcd89a5000 	C:\Program Files\Java\jdk-14\bin\VCRUNTIME140.dll
0x00007ffcd3890000 - 0x00007ffcd38a8000 	C:\Program Files\Java\jdk-14\bin\jli.dll
0x00007ffce6970000 - 0x00007ffce6a1c000 	C:\WINDOWS\System32\ADVAPI32.dll
0x00007ffce83b0000 - 0x00007ffce844e000 	C:\WINDOWS\System32\msvcrt.dll
0x00007ffce8610000 - 0x00007ffce86ab000 	C:\WINDOWS\System32\sechost.dll
0x00007ffce6a20000 - 0x00007ffce6b4b000 	C:\WINDOWS\System32\RPCRT4.dll
0x00007ffce81b0000 - 0x00007ffce8350000 	C:\WINDOWS\System32\USER32.dll
0x00007ffce5f70000 - 0x00007ffce5f92000 	C:\WINDOWS\System32\win32u.dll
0x00007ffcd3260000 - 0x00007ffcd34fa000 	C:\WINDOWS\WinSxS\amd64_microsoft.windows.common-controls_6595b64144ccf1df_6.0.19041.844_none_ca00b6081b84eb1d\COMCTL32.dll
0x00007ffce6bc0000 - 0x00007ffce6bea000 	C:\WINDOWS\System32\GDI32.dll
0x00007ffce6510000 - 0x00007ffce661b000 	C:\WINDOWS\System32\gdi32full.dll
0x00007ffce6320000 - 0x00007ffce63bd000 	C:\WINDOWS\System32\msvcp_win.dll
0x00007ffcdea30000 - 0x00007ffcdea3a000 	C:\WINDOWS\SYSTEM32\VERSION.dll
0x00007ffce84b0000 - 0x00007ffce84e0000 	C:\WINDOWS\System32\IMM32.DLL
0x00007ffcb49c0000 - 0x00007ffcb4a5b000 	C:\Program Files\Java\jdk-14\bin\msvcp140.dll
0x00007ffcae020000 - 0x00007ffcaeb3f000 	C:\Program Files\Java\jdk-14\bin\server\jvm.dll
0x00007ffce6890000 - 0x00007ffce6898000 	C:\WINDOWS\System32\PSAPI.DLL
0x00007ffcd3c10000 - 0x00007ffcd3c37000 	C:\WINDOWS\SYSTEM32\WINMM.dll
0x00007ffccb760000 - 0x00007ffccb769000 	C:\WINDOWS\SYSTEM32\WSOCK32.dll
0x00007ffce6b50000 - 0x00007ffce6bbb000 	C:\WINDOWS\System32\WS2_32.dll
0x00007ffce3e70000 - 0x00007ffce3e82000 	C:\WINDOWS\SYSTEM32\kernel.appcore.dll
0x00007ffcda720000 - 0x00007ffcda72a000 	C:\Program Files\Java\jdk-14\bin\jimage.dll
0x00007ffcccd80000 - 0x00007ffcccf64000 	C:\WINDOWS\SYSTEM32\DBGHELP.DLL
0x00007ffccc230000 - 0x00007ffccc25c000 	C:\WINDOWS\SYSTEM32\dbgcore.DLL
0x00007ffce6270000 - 0x00007ffce62f0000 	C:\WINDOWS\System32\bcryptPrimitives.dll
0x00007ffcc3ac0000 - 0x00007ffcc3af8000 	C:\Program Files\Java\jdk-14\bin\jdwp.dll
0x00007ffcc9060000 - 0x00007ffcc9085000 	C:\Program Files\Java\jdk-14\bin\java.dll
0x00007ffcd3a00000 - 0x00007ffcd3a0e000 	C:\Program Files\Java\jdk-14\bin\instrument.dll
0x00007ffcc9270000 - 0x00007ffcc9287000 	C:\Program Files\Java\jdk-14\bin\zip.dll

dbghelp: loaded successfully - version: 4.0.5 - missing functions: none
symbol engine: initialized successfully - sym options: 0x614 - pdb path: .;C:\Program Files\Java\jdk-14\bin;C:\WINDOWS\SYSTEM32;C:\WINDOWS\WinSxS\amd64_microsoft.windows.common-controls_6595b64144ccf1df_6.0.19041.844_none_ca00b6081b84eb1d;C:\Program Files\Java\jdk-14\bin\server

VM Arguments:
jvm_args: -agentlib:jdwp=transport=dt_socket,address=127.0.0.1:54453,suspend=y,server=n -javaagent:C:\Users\Art\AppData\Local\JetBrains\IdeaIC2021.1\captureAgent\debugger-agent.jar -Dfile.encoding=UTF-8 
java_command: pl.coderslab.docker_springboot.DockerSpringbootApplication
java_class_path (initial): C:\Users\Art\Documents\GitHub\docker_springboot\target\classes;C:\Users\Art\.m2\repository\org\springframework\boot\spring-boot-starter-data-rest\2.4.5\spring-boot-starter-data-rest-2.4.5.jar;C:\Users\Art\.m2\repository\org\springframework\data\spring-data-rest-webmvc\3.4.8\spring-data-rest-webmvc-3.4.8.jar;C:\Users\Art\.m2\repository\org\springframework\data\spring-data-rest-core\3.4.8\spring-data-rest-core-3.4.8.jar;C:\Users\Art\.m2\repository\org\springframework\spring-tx\5.3.6\spring-tx-5.3.6.jar;C:\Users\Art\.m2\repository\org\springframework\hateoas\spring-hateoas\1.2.5\spring-hateoas-1.2.5.jar;C:\Users\Art\.m2\repository\org\springframework\data\spring-data-commons\2.4.8\spring-data-commons-2.4.8.jar;C:\Users\Art\.m2\repository\org\springframework\plugin\spring-plugin-core\2.0.0.RELEASE\spring-plugin-core-2.0.0.RELEASE.jar;C:\Users\Art\.m2\repository\org\atteo\evo-inflector\1.2.2\evo-inflector-1.2.2.jar;C:\Users\Art\.m2\repository\com\fasterxml\jackson\core\jackson-databind\2.11.4\jackson-databind-2.11.4.jar;C:\Users\Art\.m2\repository\com\fasterxml\jackson\core\jackson-core\2.11.4\jackson-core-2.11.4.jar;C:\Users\Art\.m2\repository\com\fasterxml\jackson\core\jackson-annotations\2.11.4\jackson-annotations-2.11.4.jar;C:\Users\Art\.m2\repository\org\slf4j\slf4j-api\1.7.30\slf4j-api-1.7.30.jar;C:\Users\Art\.m2\repository\org\springframework\boot\spring-boot-starter-thymeleaf\2.4.5\spring-boot-starter-thymeleaf-2.4.5.jar;C:\Users\Art\.m2\repository\org\springframework\boot\spring-boot-starter\2.4.5\spring-boot-starter-2.4.5.jar;C:\Users\Art\.m2\repository\org\springframework\boot\spring-boot\2.4.5\spring-boot-2.4.5.jar;C:\Users\Art\.m2\repository\org\springframework\boot\spring-boot-autoconfigure\2.4.5\spring-boot-autoconfigure-2.4.5.jar;C:\Users\Art\.m2\repository\org\springframework\boot\spring-boot-starter-logging\2.4.5\spring-boot-starter-logging-2.4.5.jar;C:\Users\Art\.m2\repository\ch\qos\logback\logback-classic\1.2.3\logback-cl
Launcher Type: SUN_STANDARD

[Global flags]
     intx CICompilerCount                          = 4                                         {product} {ergonomic}
     uint ConcGCThreads                            = 2                                         {product} {ergonomic}
     uint G1ConcRefinementThreads                  = 8                                         {product} {ergonomic}
   size_t G1HeapRegionSize                         = 1048576                                   {product} {ergonomic}
    uintx GCDrainStackTargetSize                   = 64                                        {product} {ergonomic}
   size_t InitialHeapSize                          = 268435456                                 {product} {ergonomic}
   size_t MarkStackSize                            = 4194304                                   {product} {ergonomic}
   size_t MaxHeapSize                              = 4265607168                                {product} {ergonomic}
   size_t MinHeapDeltaBytes                        = 1048576                                   {product} {ergonomic}
   size_t MinHeapSize                              = 8388608                                   {product} {ergonomic}
    uintx NonNMethodCodeHeapSize                   = 5839372                                {pd product} {ergonomic}
    uintx NonProfiledCodeHeapSize                  = 122909434                              {pd product} {ergonomic}
    uintx ProfiledCodeHeapSize                     = 122909434                              {pd product} {ergonomic}
    uintx ReservedCodeCacheSize                    = 251658240                              {pd product} {ergonomic}
     bool SegmentedCodeCache                       = true                                      {product} {ergonomic}
   size_t SoftMaxHeapSize                          = 4265607168                             {manageable} {ergonomic}
     bool UseCompressedClassPointers               = true                                 {lp64_product} {ergonomic}
     bool UseCompressedOops                        = true                                 {lp64_product} {ergonomic}
     bool UseG1GC                                  = true                                      {product} {ergonomic}
     bool UseLargePagesIndividualAllocation        = false                                  {pd product} {ergonomic}

Logging:
Log output configuration:
 #0: stdout all=warning uptime,level,tags
 #1: stderr all=off uptime,level,tags

Environment Variables:
JAVA_HOME=C:\Program Files\Java\jdk-14
PATH=C:\Program Files (x86)\Intel\iCLS Client\;C:\Program Files\Intel\iCLS Client\;C:\WINDOWS\system32;C:\WINDOWS;C:\WINDOWS\System32\Wbem;C:\WINDOWS\System32\WindowsPowerShell\v1.0\;C:\Program Files (x86)\NVIDIA Corporation\PhysX\Common;C:\Program Files (x86)\Intel\Intel(R) Management Engine Components\DAL;C:\Program Files\Intel\Intel(R) Management Engine Components\DAL;C:\Program Files (x86)\Intel\Intel(R) Management Engine Components\IPT;C:\Program Files\Intel\Intel(R) Management Engine Components\IPT;C:\Program Files\Intel\WiFi\bin\;C:\Program Files\Common Files\Intel\WirelessCommon\;C:\WINDOWS\system32;C:\WINDOWS;C:\WINDOWS\System32\Wbem;C:\WINDOWS\System32\WindowsPowerShell\v1.0\;C:\WINDOWS\System32\OpenSSH\;C:\Program Files\dotnet\;C:\Program Files\Git\cmd;C:\Program Files\Microsoft SQL Server\Client SDK\ODBC\170\Tools\Binn\;C:\Program Files (x86)\Microsoft SQL Server\150\Tools\Binn\;C:\Program Files\Microsoft SQL Server\150\Tools\Binn\;C:\Program Files\Microsoft SQL Server\150\DTS\Binn\;C:\Program Files\Java\jdk-14\bin;E:\Programowanie\Brackets\command;C:\Program Files\Docker\Docker\resources\bin;C:\ProgramData\DockerDesktop\version-bin;C:\Users\Art\AppData\Local\Microsoft\WindowsApps;C:\Program Files\Intel\WiFi\bin\;C:\Program Files\Common Files\Intel\WirelessCommon\;C:\Users\Art\AppData\Local\GitHubDesktop\bin;E:\Programy do Windows\Microsoft VS Code\bin;E:\Programowanie\IDEA 2020\plugins\maven\lib\maven3\bin;;%USERPROFILE%\AppData\Local\Microsoft\WindowsApps
USERNAME=Art
OS=Windows_NT
PROCESSOR_IDENTIFIER=Intel64 Family 6 Model 158 Stepping 9, GenuineIntel



---------------  S Y S T E M  ---------------

OS: Windows 10 , 64 bit Build 19041 (10.0.19041.928)
OS uptime: 7 days 3:35 hours
HyperV virtualization detected

CPU:total 8 (initial active 8) (4 cores per cpu, 2 threads per core) family 6 model 158 stepping 9, cmov, cx8, fxsr, mmx, sse, sse2, sse3, ssse3, sse4.1, sse4.2, popcnt, avx, avx2, aes, clmul, erms, 3dnowpref, lzcnt, ht, tsc, tscinvbit, bmi1, bmi2, adx, fma

Memory: 4k page, system-wide physical 16264M (3789M free)
TotalPageFile size 16264M (AvailPageFile size 45M)
current process WorkingSet (physical memory assigned to process): 10M, peak: 10M
current process commit charge ("private bytes"): 61M, peak: 317M

vm_info: Java HotSpot(TM) 64-Bit Server VM (14+36-1461) for windows-amd64 JRE (14+36-1461), built on Feb  6 2020 19:08:04 by "mach5one" with MS VC++ 15.9 (VS2017)

END.
